-------------------------------------------------------------------------------
Test set: io.digisic.bank.test.serenity.ApiAcceptanceTests
-------------------------------------------------------------------------------
Tests run: 4, Failures: 0, Errors: 4, Skipped: 0, Time elapsed: 3.267 s <<< FAILURE! - in io.digisic.bank.test.serenity.ApiAcceptanceTests
ATM Location Search with Invalid Zip Code{ATM Location Search   Time elapsed: 0.368 s  <<< ERROR!
net.serenitybdd.core.exceptions.SerenityManagedException: Could not initialize class groovy.lang.GroovySystem

ATM Location Search with Empty Zip Code{ATM Location Search   Time elapsed: 0.055 s  <<< ERROR!
net.serenitybdd.core.exceptions.SerenityManagedException: Could not initialize class io.restassured.RestAssured

ATM Location Search with Valid Zip Code with Results{ATM Location Search   Time elapsed: 0.05 s  <<< ERROR!
net.serenitybdd.core.exceptions.SerenityManagedException: Could not initialize class io.restassured.RestAssured

ATM Location Search with Valid Zip Code without Results{ATM Location Search   Time elapsed: 0.053 s  <<< ERROR!
net.serenitybdd.core.exceptions.SerenityManagedException: Could not initialize class io.restassured.RestAssured

