<?xml version="1.0" encoding="UTF-8"?><testsuite errors="4" failures="0" name="ATM Location Search (API)" skipped="0" tests="4" time="0.51" timestamp="2020-08-30 06:07:12"><testcase name="ATM Location Search with Invalid Zip Code"><error message="Could not initialize class groovy.lang.GroovySystem" type="java.lang.NoClassDefFoundError">Could not initialize class groovy.lang.GroovySystem</error><system-err>Could not initialize class groovy.lang.GroovySystem&#13;
io.restassured.internal.ResponseParserRegistrar.&lt;init&gt;(ResponseParserRegistrar.groovy)&#13;
io.restassured.RestAssured.&lt;clinit&gt;(RestAssured.java:346)&#13;
net.serenitybdd.rest.SerenityRest.given(SerenityRest.java:214)&#13;
io.digisic.bank.test.serenity.common.TestDataService.authenticateAPI(TestDataService.java:320)&#13;
io.digisic.bank.test.serenity.common.TestDataService.validateRegisteredUser(TestDataService.java:30)&#13;
io.digisic.bank.test.serenity.api.LocationSearchTests.authenticateUser(LocationSearchTests.java:27)&#13;
cucumber.runner.PickleStepDefinitionMatch.runStep(PickleStepDefinitionMatch.java:50)&#13;
cucumber.runner.TestStep.executeStep(TestStep.java:63)&#13;
cucumber.runner.TestStep.run(TestStep.java:49)&#13;
cucumber.runner.PickleStepTestStep.run(PickleStepTestStep.java:43)&#13;
cucumber.runner.TestCase.run(TestCase.java:44)&#13;
cucumber.runner.Runner.runPickle(Runner.java:40)&#13;
</system-err></testcase><testcase name="ATM Location Search with Empty Zip Code"><error message="Could not initialize class io.restassured.RestAssured" type="java.lang.NoClassDefFoundError">Could not initialize class io.restassured.RestAssured</error><system-err>Could not initialize class io.restassured.RestAssured&#13;
net.serenitybdd.rest.SerenityRest.given(SerenityRest.java:214)&#13;
io.digisic.bank.test.serenity.common.TestDataService.authenticateAPI(TestDataService.java:320)&#13;
io.digisic.bank.test.serenity.common.TestDataService.validateRegisteredUser(TestDataService.java:30)&#13;
io.digisic.bank.test.serenity.api.LocationSearchTests.authenticateUser(LocationSearchTests.java:27)&#13;
cucumber.runner.PickleStepDefinitionMatch.runStep(PickleStepDefinitionMatch.java:50)&#13;
cucumber.runner.TestStep.executeStep(TestStep.java:63)&#13;
cucumber.runner.TestStep.run(TestStep.java:49)&#13;
cucumber.runner.PickleStepTestStep.run(PickleStepTestStep.java:43)&#13;
cucumber.runner.TestCase.run(TestCase.java:44)&#13;
cucumber.runner.Runner.runPickle(Runner.java:40)&#13;
</system-err></testcase><testcase name="ATM Location Search with Valid Zip Code with Results"><error message="Could not initialize class io.restassured.RestAssured" type="java.lang.NoClassDefFoundError">Could not initialize class io.restassured.RestAssured</error><system-err>Could not initialize class io.restassured.RestAssured&#13;
net.serenitybdd.rest.SerenityRest.given(SerenityRest.java:214)&#13;
io.digisic.bank.test.serenity.common.TestDataService.authenticateAPI(TestDataService.java:320)&#13;
io.digisic.bank.test.serenity.common.TestDataService.validateRegisteredUser(TestDataService.java:30)&#13;
io.digisic.bank.test.serenity.api.LocationSearchTests.authenticateUser(LocationSearchTests.java:27)&#13;
cucumber.runner.PickleStepDefinitionMatch.runStep(PickleStepDefinitionMatch.java:50)&#13;
cucumber.runner.TestStep.executeStep(TestStep.java:63)&#13;
cucumber.runner.TestStep.run(TestStep.java:49)&#13;
cucumber.runner.PickleStepTestStep.run(PickleStepTestStep.java:43)&#13;
cucumber.runner.TestCase.run(TestCase.java:44)&#13;
cucumber.runner.Runner.runPickle(Runner.java:40)&#13;
</system-err></testcase><testcase name="ATM Location Search with Valid Zip Code without Results"><error message="Could not initialize class io.restassured.RestAssured" type="java.lang.NoClassDefFoundError">Could not initialize class io.restassured.RestAssured</error><system-err>Could not initialize class io.restassured.RestAssured&#13;
net.serenitybdd.rest.SerenityRest.given(SerenityRest.java:214)&#13;
io.digisic.bank.test.serenity.common.TestDataService.authenticateAPI(TestDataService.java:320)&#13;
io.digisic.bank.test.serenity.common.TestDataService.validateRegisteredUser(TestDataService.java:30)&#13;
io.digisic.bank.test.serenity.api.LocationSearchTests.authenticateUser(LocationSearchTests.java:27)&#13;
cucumber.runner.PickleStepDefinitionMatch.runStep(PickleStepDefinitionMatch.java:50)&#13;
cucumber.runner.TestStep.executeStep(TestStep.java:63)&#13;
cucumber.runner.TestStep.run(TestStep.java:49)&#13;
cucumber.runner.PickleStepTestStep.run(PickleStepTestStep.java:43)&#13;
cucumber.runner.TestCase.run(TestCase.java:44)&#13;
cucumber.runner.Runner.runPickle(Runner.java:40)&#13;
</system-err></testcase></testsuite>